<?xml version="1.0" encoding="UTF-8"?>
<testng-results skipped="0" failed="0" total="1" passed="1">
  <reporter-output>
  </reporter-output>
  <suite name="Default suite" duration-ms="17930" started-at="2021-10-03T17:45:21Z" finished-at="2021-10-03T17:45:39Z">
    <groups>
    </groups>
    <test name="Default test" duration-ms="17930" started-at="2021-10-03T17:45:21Z" finished-at="2021-10-03T17:45:39Z">
      <class name="test.loginLogout">
        <test-method status="PASS" signature="beforeTest()[pri:0, instance:test.loginLogout@14acaea5]" name="beforeTest" is-config="true" duration-ms="14679" started-at="2021-10-03T13:45:21Z" finished-at="2021-10-03T13:45:36Z">
          <reporter-output>
          </reporter-output>
        </test-method> <!-- beforeTest -->
        <test-method status="PASS" signature="testLogin(java.lang.String, java.lang.String)[pri:0, instance:test.loginLogout@14acaea5]" name="testLogin" duration-ms="3191" started-at="2021-10-03T13:45:36Z" data-provider="userNameandPassword" finished-at="2021-10-03T13:45:39Z">
          <params>
            <param index="0">
              <value>
                <![CDATA[oneshete@gmail.com]]>
              </value>
            </param>
            <param index="1">
              <value>
                <![CDATA[123456]]>
              </value>
            </param>
          </params>
          <reporter-output>
          </reporter-output>
        </test-method> <!-- testLogin -->
        <test-method status="PASS" signature="closeTheBrowser()[pri:0, instance:test.loginLogout@14acaea5]" name="closeTheBrowser" is-config="true" duration-ms="40" started-at="2021-10-03T13:45:39Z" finished-at="2021-10-03T13:45:39Z">
          <reporter-output>
          </reporter-output>
        </test-method> <!-- closeTheBrowser -->
      </class> <!-- test.loginLogout -->
    </test> <!-- Default test -->
  </suite> <!-- Default suite -->
</testng-results>
