<?xml version="1.0" encoding="UTF-8"?>
<testng-results skipped="0" failed="0" total="1" passed="1">
  <reporter-output>
  </reporter-output>
  <suite name="Default suite" duration-ms="18702" started-at="2021-09-28T19:45:46Z" finished-at="2021-09-28T19:46:05Z">
    <groups>
    </groups>
    <test name="Default test" duration-ms="18702" started-at="2021-09-28T19:45:46Z" finished-at="2021-09-28T19:46:05Z">
      <class name="test.loginLogout">
        <test-method status="PASS" signature="beforeTest()[pri:0, instance:test.loginLogout@58651fd0]" name="beforeTest" is-config="true" duration-ms="15300" started-at="2021-09-28T15:45:46Z" finished-at="2021-09-28T15:46:01Z">
          <reporter-output>
          </reporter-output>
        </test-method> <!-- beforeTest -->
        <test-method status="PASS" signature="testLogin(java.lang.String, java.lang.String)[pri:0, instance:test.loginLogout@58651fd0]" name="testLogin" duration-ms="3093" started-at="2021-09-28T15:46:02Z" data-provider="userNameandPassword" finished-at="2021-09-28T15:46:05Z">
          <params>
            <param index="0">
              <value>
                <![CDATA[oneshete@gmail.com]]>
              </value>
            </param>
            <param index="1">
              <value>
                <![CDATA[123456]]>
              </value>
            </param>
          </params>
          <reporter-output>
          </reporter-output>
        </test-method> <!-- testLogin -->
        <test-method status="PASS" signature="closeTheBrowser()[pri:0, instance:test.loginLogout@58651fd0]" name="closeTheBrowser" is-config="true" duration-ms="275" started-at="2021-09-28T15:46:05Z" finished-at="2021-09-28T15:46:05Z">
          <reporter-output>
          </reporter-output>
        </test-method> <!-- closeTheBrowser -->
      </class> <!-- test.loginLogout -->
    </test> <!-- Default test -->
  </suite> <!-- Default suite -->
</testng-results>
